<?xml version="1.0" encoding="UTF-8"?>
<testng-results ignored="0" total="1" passed="1" failed="0" skipped="0">
  <reporter-output>
  </reporter-output>
  <suite started-at="2024-07-24T11:16:28 IST" name="Default suite" finished-at="2024-07-24T11:16:36 IST" duration-ms="8024">
    <groups>
    </groups>
    <test started-at="2024-07-24T11:16:28 IST" name="Default test" finished-at="2024-07-24T11:16:36 IST" duration-ms="8024">
      <class name="com.inetbanking.testcases.Testcase001">
        <test-method is-config="true" signature="setup()[pri:0, instance:com.inetbanking.testcases.Testcase001@78691363]" started-at="2024-07-24T11:16:28 IST" name="setup" finished-at="2024-07-24T11:16:31 IST" duration-ms="2216" status="PASS">
          <reporter-output>
          </reporter-output>
        </test-method> <!-- setup -->
        <test-method signature="Logging()[pri:0, instance:com.inetbanking.testcases.Testcase001@78691363]" started-at="2024-07-24T11:16:31 IST" name="Logging" finished-at="2024-07-24T11:16:36 IST" duration-ms="5603" status="PASS">
          <reporter-output>
          </reporter-output>
        </test-method> <!-- Logging -->
        <test-method is-config="true" signature="Close()[pri:0, instance:com.inetbanking.testcases.Testcase001@78691363]" started-at="2024-07-24T11:16:36 IST" name="Close" finished-at="2024-07-24T11:16:36 IST" duration-ms="165" status="PASS">
          <reporter-output>
          </reporter-output>
        </test-method> <!-- Close -->
      </class> <!-- com.inetbanking.testcases.Testcase001 -->
    </test> <!-- Default test -->
  </suite> <!-- Default suite -->
</testng-results>
